This file contains any messages produced by compilers while
running configure, to aid debugging if configure makes a mistake.

It was created by configure, which was
generated by GNU Autoconf 2.61.  Invocation command line was

  $ ./configure 

## --------- ##
## Platform. ##
## --------- ##

hostname = eigler
uname -m = i686
uname -r = 2.6.22-14-generic
uname -s = Linux
uname -v = #1 SMP Tue Feb 12 07:42:25 UTC 2008

/usr/bin/uname -p = unknown
/bin/uname -X     = unknown

/bin/arch              = unknown
/usr/bin/arch -k       = unknown
/usr/convex/getsysinfo = unknown
/usr/bin/hostinfo      = unknown
/bin/machine           = unknown
/usr/bin/oslevel       = unknown
/bin/universe          = unknown

PATH: /home/postma/bin
PATH: /usr/local/sbin
PATH: /usr/local/bin
PATH: /usr/sbin
PATH: /usr/bin
PATH: /sbin
PATH: /bin
PATH: /usr/games
PATH: /home/postma/media/bin
PATH: /usr/local/bin
PATH: /usr/sbin
PATH: /home/postma/media/bin/holodraw
PATH: /usr/share/qt3
PATH: /home/postma/Realplayer
PATH: /home/postma/bin
PATH: /home/postma/rss
PATH: /home/postma/duvel/bin


## ----------- ##
## Core tests. ##
## ----------- ##

configure:1967: checking for a BSD-compatible install
configure:2023: result: /usr/bin/install -c
configure:2034: checking whether build environment is sane
configure:2077: result: yes
configure:2142: checking for gawk
configure:2172: result: no
configure:2142: checking for mawk
configure:2158: found /usr/bin/mawk
configure:2169: result: mawk
configure:2180: checking whether make sets $(MAKE)
configure:2201: result: yes
configure:2440: checking for gcc
configure:2456: found /usr/bin/gcc
configure:2467: result: gcc
configure:2705: checking for C compiler version
configure:2712: gcc --version >&5
gcc (GCC) 4.1.3 20070929 (prerelease) (Ubuntu 4.1.2-16ubuntu2)
Copyright (C) 2006 Free Software Foundation, Inc.
This is free software; see the source for copying conditions.  There is NO
warranty; not even for MERCHANTABILITY or FITNESS FOR A PARTICULAR PURPOSE.

configure:2715: $? = 0
configure:2722: gcc -v >&5
Using built-in specs.
Target: i486-linux-gnu
Configured with: ../src/configure -v --enable-languages=c,c++,fortran,objc,obj-c++,treelang --prefix=/usr --enable-shared --with-system-zlib --libexecdir=/usr/lib --without-included-gettext --enable-threads=posix --enable-nls --with-gxx-include-dir=/usr/include/c++/4.1.3 --program-suffix=-4.1 --enable-__cxa_atexit --enable-clocale=gnu --enable-libstdcxx-debug --enable-mpfr --enable-checking=release i486-linux-gnu
Thread model: posix
gcc version 4.1.3 20070929 (prerelease) (Ubuntu 4.1.2-16ubuntu2)
configure:2725: $? = 0
configure:2732: gcc -V >&5
gcc: '-V' option must have argument
configure:2735: $? = 1
configure:2758: checking for C compiler default output file name
configure:2785: gcc    conftest.c  >&5
configure:2788: $? = 0
configure:2826: result: a.out
configure:2843: checking whether the C compiler works
configure:2853: ./a.out
configure:2856: $? = 0
configure:2873: result: yes
configure:2880: checking whether we are cross compiling
configure:2882: result: no
configure:2885: checking for suffix of executables
configure:2892: gcc -o conftest    conftest.c  >&5
configure:2895: $? = 0
configure:2919: result: 
configure:2925: checking for suffix of object files
configure:2951: gcc -c   conftest.c >&5
configure:2954: $? = 0
configure:2977: result: o
configure:2981: checking whether we are using the GNU C compiler
configure:3010: gcc -c   conftest.c >&5
configure:3016: $? = 0
configure:3033: result: yes
configure:3038: checking whether gcc accepts -g
configure:3068: gcc -c -g  conftest.c >&5
configure:3074: $? = 0
configure:3173: result: yes
configure:3190: checking for gcc option to accept ISO C89
configure:3264: gcc  -c -g -O2  conftest.c >&5
configure:3270: $? = 0
configure:3293: result: none needed
configure:3322: checking for style of include used by make
configure:3350: result: GNU
configure:3378: checking dependency style of gcc
configure:3468: result: gcc3
configure:3563: checking build system type
configure:3581: result: i686-pc-linux-gnu
configure:3603: checking host system type
configure:3618: result: i686-pc-linux-gnu
configure:3640: checking for a sed that does not truncate output
configure:3696: result: /bin/sed
configure:3699: checking for grep that handles long lines and -e
configure:3773: result: /bin/grep
configure:3778: checking for egrep
configure:3856: result: /bin/grep -E
configure:3872: checking for ld used by gcc
configure:3939: result: /usr/bin/ld
configure:3948: checking if the linker (/usr/bin/ld) is GNU ld
configure:3963: result: yes
configure:3968: checking for /usr/bin/ld option to reload object files
configure:3975: result: -r
configure:3993: checking for BSD-compatible nm
configure:4042: result: /usr/bin/nm -B
configure:4046: checking whether ln -s works
configure:4050: result: yes
configure:4057: checking how to recognize dependent libraries
configure:4243: result: pass_all
configure:4484: checking how to run the C preprocessor
configure:4524: gcc -E  conftest.c
configure:4530: $? = 0
configure:4561: gcc -E  conftest.c
conftest.c:10:28: error: ac_nonexistent.h: No such file or directory
configure:4567: $? = 1
configure: failed program was:
| /* confdefs.h.  */
| #define PACKAGE_NAME ""
| #define PACKAGE_TARNAME ""
| #define PACKAGE_VERSION ""
| #define PACKAGE_STRING ""
| #define PACKAGE_BUGREPORT ""
| #define PACKAGE "ain"
| #define VERSION "0.1"
| /* end confdefs.h.  */
| #include <ac_nonexistent.h>
configure:4600: result: gcc -E
configure:4629: gcc -E  conftest.c
configure:4635: $? = 0
configure:4666: gcc -E  conftest.c
conftest.c:10:28: error: ac_nonexistent.h: No such file or directory
configure:4672: $? = 1
configure: failed program was:
| /* confdefs.h.  */
| #define PACKAGE_NAME ""
| #define PACKAGE_TARNAME ""
| #define PACKAGE_VERSION ""
| #define PACKAGE_STRING ""
| #define PACKAGE_BUGREPORT ""
| #define PACKAGE "ain"
| #define VERSION "0.1"
| /* end confdefs.h.  */
| #include <ac_nonexistent.h>
configure:4710: checking for ANSI C header files
configure:4740: gcc -c -g -O2  conftest.c >&5
configure:4746: $? = 0
configure:4845: gcc -o conftest -g -O2   conftest.c  >&5
configure:4848: $? = 0
configure:4854: ./conftest
configure:4857: $? = 0
configure:4874: result: yes
configure:4898: checking for sys/types.h
configure:4919: gcc -c -g -O2  conftest.c >&5
configure:4925: $? = 0
configure:4941: result: yes
configure:4898: checking for sys/stat.h
configure:4919: gcc -c -g -O2  conftest.c >&5
configure:4925: $? = 0
configure:4941: result: yes
configure:4898: checking for stdlib.h
configure:4919: gcc -c -g -O2  conftest.c >&5
configure:4925: $? = 0
configure:4941: result: yes
configure:4898: checking for string.h
configure:4919: gcc -c -g -O2  conftest.c >&5
configure:4925: $? = 0
configure:4941: result: yes
configure:4898: checking for memory.h
configure:4919: gcc -c -g -O2  conftest.c >&5
configure:4925: $? = 0
configure:4941: result: yes
configure:4898: checking for strings.h
configure:4919: gcc -c -g -O2  conftest.c >&5
configure:4925: $? = 0
configure:4941: result: yes
configure:4898: checking for inttypes.h
configure:4919: gcc -c -g -O2  conftest.c >&5
configure:4925: $? = 0
configure:4941: result: yes
configure:4898: checking for stdint.h
configure:4919: gcc -c -g -O2  conftest.c >&5
configure:4925: $? = 0
configure:4941: result: yes
configure:4898: checking for unistd.h
configure:4919: gcc -c -g -O2  conftest.c >&5
configure:4925: $? = 0
configure:4941: result: yes
configure:4968: checking dlfcn.h usability
configure:4985: gcc -c -g -O2  conftest.c >&5
configure:4991: $? = 0
configure:5005: result: yes
configure:5009: checking dlfcn.h presence
configure:5024: gcc -E  conftest.c
configure:5030: $? = 0
configure:5044: result: yes
configure:5072: checking for dlfcn.h
configure:5080: result: yes
configure:5151: checking for g++
configure:5167: found /usr/bin/g++
configure:5178: result: g++
configure:5209: checking for C++ compiler version
configure:5216: g++ --version >&5
g++ (GCC) 4.1.3 20070929 (prerelease) (Ubuntu 4.1.2-16ubuntu2)
Copyright (C) 2006 Free Software Foundation, Inc.
This is free software; see the source for copying conditions.  There is NO
warranty; not even for MERCHANTABILITY or FITNESS FOR A PARTICULAR PURPOSE.

configure:5219: $? = 0
configure:5226: g++ -v >&5
Using built-in specs.
Target: i486-linux-gnu
Configured with: ../src/configure -v --enable-languages=c,c++,fortran,objc,obj-c++,treelang --prefix=/usr --enable-shared --with-system-zlib --libexecdir=/usr/lib --without-included-gettext --enable-threads=posix --enable-nls --with-gxx-include-dir=/usr/include/c++/4.1.3 --program-suffix=-4.1 --enable-__cxa_atexit --enable-clocale=gnu --enable-libstdcxx-debug --enable-mpfr --enable-checking=release i486-linux-gnu
Thread model: posix
gcc version 4.1.3 20070929 (prerelease) (Ubuntu 4.1.2-16ubuntu2)
configure:5229: $? = 0
configure:5236: g++ -V >&5
g++: '-V' option must have argument
configure:5239: $? = 1
configure:5242: checking whether we are using the GNU C++ compiler
configure:5271: g++ -c   conftest.cpp >&5
configure:5277: $? = 0
configure:5294: result: yes
configure:5299: checking whether g++ accepts -g
configure:5329: g++ -c -g  conftest.cpp >&5
configure:5335: $? = 0
configure:5434: result: yes
configure:5459: checking dependency style of g++
configure:5549: result: gcc3
configure:5576: checking how to run the C++ preprocessor
configure:5612: g++ -E  conftest.cpp
configure:5618: $? = 0
configure:5649: g++ -E  conftest.cpp
conftest.cpp:21:28: error: ac_nonexistent.h: No such file or directory
configure:5655: $? = 1
configure: failed program was:
| /* confdefs.h.  */
| #define PACKAGE_NAME ""
| #define PACKAGE_TARNAME ""
| #define PACKAGE_VERSION ""
| #define PACKAGE_STRING ""
| #define PACKAGE_BUGREPORT ""
| #define PACKAGE "ain"
| #define VERSION "0.1"
| #define STDC_HEADERS 1
| #define HAVE_SYS_TYPES_H 1
| #define HAVE_SYS_STAT_H 1
| #define HAVE_STDLIB_H 1
| #define HAVE_STRING_H 1
| #define HAVE_MEMORY_H 1
| #define HAVE_STRINGS_H 1
| #define HAVE_INTTYPES_H 1
| #define HAVE_STDINT_H 1
| #define HAVE_UNISTD_H 1
| #define HAVE_DLFCN_H 1
| /* end confdefs.h.  */
| #include <ac_nonexistent.h>
configure:5688: result: g++ -E
configure:5717: g++ -E  conftest.cpp
configure:5723: $? = 0
configure:5754: g++ -E  conftest.cpp
conftest.cpp:21:28: error: ac_nonexistent.h: No such file or directory
configure:5760: $? = 1
configure: failed program was:
| /* confdefs.h.  */
| #define PACKAGE_NAME ""
| #define PACKAGE_TARNAME ""
| #define PACKAGE_VERSION ""
| #define PACKAGE_STRING ""
| #define PACKAGE_BUGREPORT ""
| #define PACKAGE "ain"
| #define VERSION "0.1"
| #define STDC_HEADERS 1
| #define HAVE_SYS_TYPES_H 1
| #define HAVE_SYS_STAT_H 1
| #define HAVE_STDLIB_H 1
| #define HAVE_STRING_H 1
| #define HAVE_MEMORY_H 1
| #define HAVE_STRINGS_H 1
| #define HAVE_INTTYPES_H 1
| #define HAVE_STDINT_H 1
| #define HAVE_UNISTD_H 1
| #define HAVE_DLFCN_H 1
| /* end confdefs.h.  */
| #include <ac_nonexistent.h>
configure:5853: checking for g77
configure:5883: result: no
configure:5853: checking for xlf
configure:5883: result: no
configure:5853: checking for f77
configure:5883: result: no
configure:5853: checking for frt
configure:5883: result: no
configure:5853: checking for pgf77
configure:5883: result: no
configure:5853: checking for cf77
configure:5883: result: no
configure:5853: checking for fort77
configure:5883: result: no
configure:5853: checking for fl32
configure:5883: result: no
configure:5853: checking for af77
configure:5883: result: no
configure:5853: checking for xlf90
configure:5883: result: no
configure:5853: checking for f90
configure:5883: result: no
configure:5853: checking for pgf90
configure:5883: result: no
configure:5853: checking for pghpf
configure:5883: result: no
configure:5853: checking for epcf90
configure:5883: result: no
configure:5853: checking for gfortran
configure:5883: result: no
configure:5853: checking for g95
configure:5883: result: no
configure:5853: checking for xlf95
configure:5883: result: no
configure:5853: checking for f95
configure:5883: result: no
configure:5853: checking for fort
configure:5883: result: no
configure:5853: checking for ifort
configure:5883: result: no
configure:5853: checking for ifc
configure:5883: result: no
configure:5853: checking for efc
configure:5883: result: no
configure:5853: checking for pgf95
configure:5883: result: no
configure:5853: checking for lf95
configure:5883: result: no
configure:5853: checking for ftn
configure:5883: result: no
configure:5910: checking for Fortran 77 compiler version
configure:5917:  --version >&5
./configure: line 5918: --version: command not found
configure:5920: $? = 127
configure:5927:  -v >&5
./configure: line 5928: -v: command not found
configure:5930: $? = 127
configure:5937:  -V >&5
./configure: line 5938: -V: command not found
configure:5940: $? = 127
configure:5948: checking whether we are using the GNU Fortran 77 compiler
configure:5967:  -c  conftest.F >&5
./configure: line 5968: -c: command not found
configure:5973: $? = 127
configure: failed program was:
|       program main
| #ifndef __GNUC__
|        choke me
| #endif
| 
|       end
configure:5990: result: no
configure:5996: checking whether  accepts -g
configure:6013:  -c -g conftest.f >&5
./configure: line 6014: -c: command not found
configure:6019: $? = 127
configure: failed program was:
|       program main
| 
|       end
configure:6035: result: no
configure:6065: checking the maximum length of command line arguments
configure:6177: result: 98304
configure:6189: checking command to parse /usr/bin/nm -B output from gcc object
configure:6294: gcc -c -g -O2  conftest.c >&5
configure:6297: $? = 0
configure:6301: /usr/bin/nm -B conftest.o \| sed -n -e 's/^.*[ 	]\([ABCDGIRSTW][ABCDGIRSTW]*\)[ 	][ 	]*\([_A-Za-z][_A-Za-z0-9]*\)$/\1 \2 \2/p' \> conftest.nm
configure:6304: $? = 0
configure:6356: gcc -o conftest -g -O2   conftest.c conftstm.o >&5
configure:6359: $? = 0
configure:6397: result: ok
configure:6401: checking for objdir
configure:6416: result: .libs
configure:6508: checking for ar
configure:6524: found /usr/bin/ar
configure:6535: result: ar
configure:6604: checking for ranlib
configure:6620: found /usr/bin/ranlib
configure:6631: result: ranlib
configure:6700: checking for strip
configure:6716: found /usr/bin/strip
configure:6727: result: strip
configure:7013: checking if gcc supports -fno-rtti -fno-exceptions
configure:7031: gcc -c -g -O2  -fno-rtti -fno-exceptions conftest.c >&5
cc1: warning: command line option "-fno-rtti" is valid for C++/ObjC++ but not for C
configure:7035: $? = 0
configure:7048: result: no
configure:7063: checking for gcc option to produce PIC
configure:7295: result: -fPIC
configure:7303: checking if gcc PIC flag -fPIC works
configure:7321: gcc -c -g -O2  -fPIC -DPIC conftest.c >&5
configure:7325: $? = 0
configure:7338: result: yes
configure:7366: checking if gcc static flag -static works
configure:7394: result: yes
configure:7404: checking if gcc supports -c -o file.o
configure:7425: gcc -c -g -O2  -o out/conftest2.o conftest.c >&5
configure:7429: $? = 0
configure:7451: result: yes
configure:7477: checking whether the gcc linker (/usr/bin/ld) supports shared libraries
configure:8458: result: yes
configure:8479: checking whether -lc should be explicitly linked in
configure:8484: gcc -c -g -O2  conftest.c >&5
configure:8487: $? = 0
configure:8502: gcc -shared conftest.o  -v -Wl,-soname -Wl,conftest -o conftest 2\>\&1 \| grep  -lc  \>/dev/null 2\>\&1
configure:8505: $? = 0
configure:8517: result: no
configure:8525: checking dynamic linker characteristics
configure:9139: result: GNU/Linux ld.so
configure:9148: checking how to hardcode library paths into programs
configure:9173: result: immediate
configure:9187: checking whether stripping libraries is possible
configure:9192: result: yes
configure:9994: checking if libtool supports shared libraries
configure:9996: result: yes
configure:9999: checking whether to build shared libraries
configure:10020: result: yes
configure:10023: checking whether to build static libraries
configure:10027: result: yes
configure:10120: creating libtool
configure:10708: checking for ld used by g++
configure:10775: result: /usr/bin/ld
configure:10784: checking if the linker (/usr/bin/ld) is GNU ld
configure:10799: result: yes
configure:10850: checking whether the g++ linker (/usr/bin/ld) supports shared libraries
configure:11824: result: yes
configure:11842: g++ -c -g -O2  conftest.cpp >&5
configure:11845: $? = 0
configure:11997: checking for g++ option to produce PIC
configure:12281: result: -fPIC
configure:12289: checking if g++ PIC flag -fPIC works
configure:12307: g++ -c -g -O2  -fPIC -DPIC conftest.cpp >&5
configure:12311: $? = 0
configure:12324: result: yes
configure:12352: checking if g++ static flag -static works
configure:12380: result: yes
configure:12390: checking if g++ supports -c -o file.o
configure:12411: g++ -c -g -O2  -o out/conftest2.o conftest.cpp >&5
configure:12415: $? = 0
configure:12437: result: yes
configure:12463: checking whether the g++ linker (/usr/bin/ld) supports shared libraries
configure:12491: result: yes
configure:12558: checking dynamic linker characteristics
configure:13120: result: GNU/Linux ld.so
configure:13129: checking how to hardcode library paths into programs
configure:13154: result: immediate
configure:19475: creating ./config.status

## ---------------------- ##
## Running config.status. ##
## ---------------------- ##

This file was extended by config.status, which was
generated by GNU Autoconf 2.61.  Invocation command line was

  CONFIG_FILES    = 
  CONFIG_HEADERS  = 
  CONFIG_LINKS    = 
  CONFIG_COMMANDS = 
  $ ./config.status 

on eigler

config.status:661: creating Makefile
config.status:661: creating src/Makefile
config.status:661: creating config.h
config.status:928: executing depfiles commands

## ---------------- ##
## Cache variables. ##
## ---------------- ##

ac_cv_build=i686-pc-linux-gnu
ac_cv_c_compiler_gnu=yes
ac_cv_cxx_compiler_gnu=yes
ac_cv_env_CCC_set=
ac_cv_env_CCC_value=
ac_cv_env_CC_set=
ac_cv_env_CC_value=
ac_cv_env_CFLAGS_set=
ac_cv_env_CFLAGS_value=
ac_cv_env_CPPFLAGS_set=
ac_cv_env_CPPFLAGS_value=
ac_cv_env_CPP_set=
ac_cv_env_CPP_value=
ac_cv_env_CXXCPP_set=
ac_cv_env_CXXCPP_value=
ac_cv_env_CXXFLAGS_set=
ac_cv_env_CXXFLAGS_value=
ac_cv_env_CXX_set=
ac_cv_env_CXX_value=
ac_cv_env_F77_set=
ac_cv_env_F77_value=
ac_cv_env_FFLAGS_set=
ac_cv_env_FFLAGS_value=
ac_cv_env_LDFLAGS_set=
ac_cv_env_LDFLAGS_value=
ac_cv_env_LIBS_set=
ac_cv_env_LIBS_value=
ac_cv_env_build_alias_set=
ac_cv_env_build_alias_value=
ac_cv_env_host_alias_set=
ac_cv_env_host_alias_value=
ac_cv_env_target_alias_set=
ac_cv_env_target_alias_value=
ac_cv_f77_compiler_gnu=no
ac_cv_header_dlfcn_h=yes
ac_cv_header_inttypes_h=yes
ac_cv_header_memory_h=yes
ac_cv_header_stdc=yes
ac_cv_header_stdint_h=yes
ac_cv_header_stdlib_h=yes
ac_cv_header_string_h=yes
ac_cv_header_strings_h=yes
ac_cv_header_sys_stat_h=yes
ac_cv_header_sys_types_h=yes
ac_cv_header_unistd_h=yes
ac_cv_host=i686-pc-linux-gnu
ac_cv_objext=o
ac_cv_path_EGREP='/bin/grep -E'
ac_cv_path_GREP=/bin/grep
ac_cv_path_install='/usr/bin/install -c'
ac_cv_prog_AWK=mawk
ac_cv_prog_CPP='gcc -E'
ac_cv_prog_CXXCPP='g++ -E'
ac_cv_prog_ac_ct_AR=ar
ac_cv_prog_ac_ct_CC=gcc
ac_cv_prog_ac_ct_CXX=g++
ac_cv_prog_ac_ct_RANLIB=ranlib
ac_cv_prog_ac_ct_STRIP=strip
ac_cv_prog_cc_c89=
ac_cv_prog_cc_g=yes
ac_cv_prog_cxx_g=yes
ac_cv_prog_f77_g=no
ac_cv_prog_make_make_set=yes
am_cv_CC_dependencies_compiler_type=gcc3
am_cv_CXX_dependencies_compiler_type=gcc3
lt_cv_deplibs_check_method=pass_all
lt_cv_file_magic_cmd='$MAGIC_CMD'
lt_cv_file_magic_test_file=
lt_cv_ld_reload_flag=-r
lt_cv_objdir=.libs
lt_cv_path_LD=/usr/bin/ld
lt_cv_path_LDCXX=/usr/bin/ld
lt_cv_path_NM='/usr/bin/nm -B'
lt_cv_path_SED=/bin/sed
lt_cv_prog_compiler_c_o=yes
lt_cv_prog_compiler_c_o_CXX=yes
lt_cv_prog_compiler_rtti_exceptions=no
lt_cv_prog_gnu_ld=yes
lt_cv_prog_gnu_ldcxx=yes
lt_cv_sys_global_symbol_pipe='sed -n -e '\''s/^.*[ 	]\([ABCDGIRSTW][ABCDGIRSTW]*\)[ 	][ 	]*\([_A-Za-z][_A-Za-z0-9]*\)$/\1 \2 \2/p'\'''
lt_cv_sys_global_symbol_to_c_name_address='sed -n -e '\''s/^: \([^ ]*\) $/  {\"\1\", (lt_ptr) 0},/p'\'' -e '\''s/^[BCDEGRST] \([^ ]*\) \([^ ]*\)$/  {"\2", (lt_ptr) \&\2},/p'\'''
lt_cv_sys_global_symbol_to_cdecl='sed -n -e '\''s/^. .* \(.*\)$/extern int \1;/p'\'''
lt_cv_sys_max_cmd_len=98304
lt_lt_cv_prog_compiler_c_o='"yes"'
lt_lt_cv_prog_compiler_c_o_CXX='"yes"'
lt_lt_cv_sys_global_symbol_pipe='"sed -n -e '\''s/^.*[ 	]\\([ABCDGIRSTW][ABCDGIRSTW]*\\)[ 	][ 	]*\\([_A-Za-z][_A-Za-z0-9]*\\)\$/\\1 \\2 \\2/p'\''"'
lt_lt_cv_sys_global_symbol_to_c_name_address='"sed -n -e '\''s/^: \\([^ ]*\\) \$/  {\\\"\\1\\\", (lt_ptr) 0},/p'\'' -e '\''s/^[BCDEGRST] \\([^ ]*\\) \\([^ ]*\\)\$/  {\"\\2\", (lt_ptr) \\&\\2},/p'\''"'
lt_lt_cv_sys_global_symbol_to_cdecl='"sed -n -e '\''s/^. .* \\(.*\\)\$/extern int \\1;/p'\''"'

## ----------------- ##
## Output variables. ##
## ----------------- ##

ACLOCAL='${SHELL} /home/postma/src/simul/ain/missing --run aclocal-1.9'
AMDEPBACKSLASH='\'
AMDEP_FALSE='#'
AMDEP_TRUE=''
AMTAR='${SHELL} /home/postma/src/simul/ain/missing --run tar'
AR='ar'
AUTOCONF='${SHELL} /home/postma/src/simul/ain/missing --run autoconf'
AUTOHEADER='${SHELL} /home/postma/src/simul/ain/missing --run autoheader'
AUTOMAKE='${SHELL} /home/postma/src/simul/ain/missing --run automake-1.9'
AWK='mawk'
CC='gcc'
CCDEPMODE='depmode=gcc3'
CFLAGS='-g -O2'
CPP='gcc -E'
CPPFLAGS=''
CXX='g++'
CXXCPP='g++ -E'
CXXDEPMODE='depmode=gcc3'
CXXFLAGS='-g -O2'
CYGPATH_W='echo'
DEFS='-DHAVE_CONFIG_H'
DEPDIR='.deps'
ECHO='echo'
ECHO_C=''
ECHO_N='-n'
ECHO_T=''
EGREP='/bin/grep -E'
EXEEXT=''
F77=''
FFLAGS=''
GREP='/bin/grep'
INSTALL_DATA='${INSTALL} -m 644'
INSTALL_PROGRAM='${INSTALL}'
INSTALL_SCRIPT='${INSTALL}'
INSTALL_STRIP_PROGRAM='${SHELL} $(install_sh) -c -s'
LDFLAGS=''
LIBOBJS=''
LIBS=''
LIBTOOL='$(SHELL) $(top_builddir)/libtool'
LN_S='ln -s'
LTLIBOBJS=''
MAKEINFO='${SHELL} /home/postma/src/simul/ain/missing --run makeinfo'
OBJEXT='o'
PACKAGE='ain'
PACKAGE_BUGREPORT=''
PACKAGE_NAME=''
PACKAGE_STRING=''
PACKAGE_TARNAME=''
PACKAGE_VERSION=''
PATH_SEPARATOR=':'
RANLIB='ranlib'
SED='/bin/sed'
SET_MAKE=''
SHELL='/bin/bash'
STRIP='strip'
VERSION='0.1'
ac_ct_CC='gcc'
ac_ct_CXX='g++'
ac_ct_F77=''
am__fastdepCC_FALSE='#'
am__fastdepCC_TRUE=''
am__fastdepCXX_FALSE='#'
am__fastdepCXX_TRUE=''
am__include='include'
am__leading_dot='.'
am__quote=''
am__tar='${AMTAR} chof - "$$tardir"'
am__untar='${AMTAR} xf -'
bindir='${exec_prefix}/bin'
build='i686-pc-linux-gnu'
build_alias=''
build_cpu='i686'
build_os='linux-gnu'
build_vendor='pc'
datadir='${datarootdir}'
datarootdir='${prefix}/share'
docdir='${datarootdir}/doc/${PACKAGE}'
dvidir='${docdir}'
exec_prefix='${prefix}'
host='i686-pc-linux-gnu'
host_alias=''
host_cpu='i686'
host_os='linux-gnu'
host_vendor='pc'
htmldir='${docdir}'
includedir='${prefix}/include'
infodir='${datarootdir}/info'
install_sh='/home/postma/src/simul/ain/install-sh'
libdir='${exec_prefix}/lib'
libexecdir='${exec_prefix}/libexec'
localedir='${datarootdir}/locale'
localstatedir='${prefix}/var'
mandir='${datarootdir}/man'
mkdir_p='mkdir -p --'
oldincludedir='/usr/include'
pdfdir='${docdir}'
prefix='/usr/local'
program_transform_name='s,x,x,'
psdir='${docdir}'
sbindir='${exec_prefix}/sbin'
sharedstatedir='${prefix}/com'
sysconfdir='${prefix}/etc'
target_alias=''

## ----------- ##
## confdefs.h. ##
## ----------- ##

#define PACKAGE_NAME ""
#define PACKAGE_TARNAME ""
#define PACKAGE_VERSION ""
#define PACKAGE_STRING ""
#define PACKAGE_BUGREPORT ""
#define PACKAGE "ain"
#define VERSION "0.1"
#define STDC_HEADERS 1
#define HAVE_SYS_TYPES_H 1
#define HAVE_SYS_STAT_H 1
#define HAVE_STDLIB_H 1
#define HAVE_STRING_H 1
#define HAVE_MEMORY_H 1
#define HAVE_STRINGS_H 1
#define HAVE_INTTYPES_H 1
#define HAVE_STDINT_H 1
#define HAVE_UNISTD_H 1
#define HAVE_DLFCN_H 1

configure: exit 0
